<?xml version="1.0" encoding="utf-8"?><testsuites><testsuite name="pytest" errors="0" failures="0" skipped="0" tests="2" time="1.457" timestamp="2023-08-20T19:04:33.737467" hostname="neo-HP-Laptop-15-dw1xxx"><testcase classname="test.test_webcount" name="test_with_patch" time="1.322" /><testcase classname="test.test_webcount" name="test_fake_client" time="0.001" /></testsuite></testsuites>